# JRE version: OpenJDK Runtime Environment Temurin-21.0.7+6 (21.0.7+6) (build 21.0.7+6-LTS)
# Java VM: OpenJDK 64-Bit Server VM Temurin-21.0.7+6 (21.0.7+6-LTS, mixed mode, sharing, tiered, compressed oops, compressed class ptrs, parallel gc, windows-amd64)
GC Precious Log:
 CardTable entry size: 512
 CPUs: 12 total, 12 available
 Memory: 15775M
 Large Page Support: Disabled
 NUMA Support: Disabled
 Compressed Oops: Enabled (32-bit)
 Alignments: Space 512K, Generation 512K, Heap 2M
 Heap Min Capacity: 100M
 Heap Initial Capacity: 100M
 Heap Max Capacity: 1G
 Pre-touch: Disabled
 Parallel Workers: 10
Heap:
 PSYoungGen      total 8192K, used 8179K [0x00000000eab00000, 0x00000000ebb80000, 0x0000000100000000)
  eden space 6144K, 99% used [0x00000000eab00000,0x00000000eb0fd2c8,0x00000000eb100000)
  from space 2048K, 99% used [0x00000000eb100000,0x00000000eb2ffc88,0x00000000eb300000)
  to   space 4608K, 45% used [0x00000000eb700000,0x00000000eb910488,0x00000000ebb80000)
 ParOldGen       total 302592K, used 302543K [0x00000000c0000000, 0x00000000d2780000, 0x00000000eab00000)
  object space 302592K, 99% used [0x00000000c0000000,0x00000000d278c9a8,0x00000000d2800000)
 Metaspace       used 56295K, committed 57664K, reserved 1114112K
  class space    used 5862K, committed 6464K, reserved 1048576K
GC Heap History (20 events):
Event: 8.121 GC heap after
{Heap after GC invocations=183 (full 2):
 PSYoungGen      total 5120K, used 888K [0x00000000eab00000, 0x00000000eb100000, 0x0000000100000000)
  eden space 3584K, 0% used [0x00000000eab00000,0x00000000eab00000,0x00000000eae80000)
  from space 1536K, 57% used [0x00000000eae80000,0x00000000eaf5e268,0x00000000eb000000)
  to   space 1024K, 0% used [0x00000000eb000000,0x00000000eb000000,0x00000000eb100000)
 ParOldGen       total 282112K, used 282096K [0x00000000c0000000, 0x00000000d1380000, 0x00000000eab00000)
  object space 282112K, 99% used [0x00000000c0000000,0x00000000d137c108,0x00000000d1380000)
 Metaspace       used 55893K, committed 57280K, reserved 1114112K
  class space    used 5826K, committed 6464K, reserved 1048576K
}
Event: 8.130 GC heap before
{Heap before GC invocations=184 (full 2):
 PSYoungGen      total 5120K, used 4472K [0x00000000eab00000, 0x00000000eb100000, 0x0000000100000000)
  eden space 3584K, 100% used [0x00000000eab00000,0x00000000eae80000,0x00000000eae80000)
  from space 1536K, 57% used [0x00000000eae80000,0x00000000eaf5e268,0x00000000eb000000)
  to   space 1024K, 0% used [0x00000000eb000000,0x00000000eb000000,0x00000000eb100000)
 ParOldGen       total 282112K, used 282096K [0x00000000c0000000, 0x00000000d1380000, 0x00000000eab00000)
  object space 282112K, 99% used [0x00000000c0000000,0x00000000d137c108,0x00000000d1380000)
 Metaspace       used 55904K, committed 57280K, reserved 1114112K
  class space    used 5827K, committed 6464K, reserved 1048576K
}
Event: 8.131 GC heap after
{Heap after GC invocations=184 (full 2):
 PSYoungGen      total 4608K, used 958K [0x00000000eab00000, 0x00000000eb100000, 0x0000000100000000)
  eden space 3584K, 0% used [0x00000000eab00000,0x00000000eab00000,0x00000000eae80000)
  from space 1024K, 93% used [0x00000000eb000000,0x00000000eb0ef880,0x00000000eb100000)
  to   space 1024K, 0% used [0x00000000eaf00000,0x00000000eaf00000,0x00000000eb000000)
 ParOldGen       total 283136K, used 282924K [0x00000000c0000000, 0x00000000d1480000, 0x00000000eab00000)
  object space 283136K, 99% used [0x00000000c0000000,0x00000000d144b2f8,0x00000000d1480000)
 Metaspace       used 55904K, committed 57280K, reserved 1114112K
  class space    used 5827K, committed 6464K, reserved 1048576K
}
Event: 8.140 GC heap before
{Heap before GC invocations=185 (full 2):
 PSYoungGen      total 4608K, used 4542K [0x00000000eab00000, 0x00000000eb100000, 0x0000000100000000)
  eden space 3584K, 100% used [0x00000000eab00000,0x00000000eae80000,0x00000000eae80000)
  from space 1024K, 93% used [0x00000000eb000000,0x00000000eb0ef880,0x00000000eb100000)
  to   space 1024K, 0% used [0x00000000eaf00000,0x00000000eaf00000,0x00000000eb000000)
 ParOldGen       total 283136K, used 282924K [0x00000000c0000000, 0x00000000d1480000, 0x00000000eab00000)
  object space 283136K, 99% used [0x00000000c0000000,0x00000000d144b2f8,0x00000000d1480000)
 Metaspace       used 55906K, committed 57280K, reserved 1114112K
  class space    used 5827K, committed 6464K, reserved 1048576K
}
Event: 8.141 GC heap after
{Heap after GC invocations=185 (full 2):
 PSYoungGen      total 4608K, used 907K [0x00000000eab00000, 0x00000000eb080000, 0x0000000100000000)
  eden space 3584K, 0% used [0x00000000eab00000,0x00000000eab00000,0x00000000eae80000)
  from space 1024K, 88% used [0x00000000eaf00000,0x00000000eafe2f08,0x00000000eb000000)
  to   space 512K, 0% used [0x00000000eb000000,0x00000000eb000000,0x00000000eb080000)
 ParOldGen       total 284160K, used 283726K [0x00000000c0000000, 0x00000000d1580000, 0x00000000eab00000)
  object space 284160K, 99% used [0x00000000c0000000,0x00000000d1513a60,0x00000000d1580000)
 Metaspace       used 55906K, committed 57280K, reserved 1114112K
  class space    used 5827K, committed 6464K, reserved 1048576K
}
Event: 8.148 GC heap before
{Heap before GC invocations=186 (full 2):
 PSYoungGen      total 4608K, used 4491K [0x00000000eab00000, 0x00000000eb080000, 0x0000000100000000)
  eden space 3584K, 100% used [0x00000000eab00000,0x00000000eae80000,0x00000000eae80000)
  from space 1024K, 88% used [0x00000000eaf00000,0x00000000eafe2f08,0x00000000eb000000)
  to   space 512K, 0% used [0x00000000eb000000,0x00000000eb000000,0x00000000eb080000)
 ParOldGen       total 284160K, used 283726K [0x00000000c0000000, 0x00000000d1580000, 0x00000000eab00000)
  object space 284160K, 99% used [0x00000000c0000000,0x00000000d1513a60,0x00000000d1580000)
 Metaspace       used 55911K, committed 57280K, reserved 1114112K
  class space    used 5827K, committed 6464K, reserved 1048576K
}
Event: 8.150 GC heap after
{Heap after GC invocations=186 (full 2):
 PSYoungGen      total 3584K, used 505K [0x00000000eab00000, 0x00000000eb280000, 0x0000000100000000)
  eden space 3072K, 0% used [0x00000000eab00000,0x00000000eab00000,0x00000000eae00000)
  from space 512K, 98% used [0x00000000eb000000,0x00000000eb07e578,0x00000000eb080000)
  to   space 2048K, 0% used [0x00000000eae00000,0x00000000eae00000,0x00000000eb000000)
 ParOldGen       total 285184K, used 284902K [0x00000000c0000000, 0x00000000d1680000, 0x00000000eab00000)
  object space 285184K, 99% used [0x00000000c0000000,0x00000000d16398e0,0x00000000d1680000)
 Metaspace       used 55911K, committed 57280K, reserved 1114112K
  class space    used 5827K, committed 6464K, reserved 1048576K
}
Event: 8.156 GC heap before
{Heap before GC invocations=187 (full 2):
 PSYoungGen      total 3584K, used 3577K [0x00000000eab00000, 0x00000000eb280000, 0x0000000100000000)
  eden space 3072K, 100% used [0x00000000eab00000,0x00000000eae00000,0x00000000eae00000)
  from space 512K, 98% used [0x00000000eb000000,0x00000000eb07e578,0x00000000eb080000)
  to   space 2048K, 0% used [0x00000000eae00000,0x00000000eae00000,0x00000000eb000000)
 ParOldGen       total 285184K, used 284902K [0x00000000c0000000, 0x00000000d1680000, 0x00000000eab00000)
  object space 285184K, 99% used [0x00000000c0000000,0x00000000d16398e0,0x00000000d1680000)
 Metaspace       used 55913K, committed 57280K, reserved 1114112K
  class space    used 5827K, committed 6464K, reserved 1048576K
}
Event: 8.157 GC heap after
{Heap after GC invocations=187 (full 2):
 PSYoungGen      total 4608K, used 1076K [0x00000000eab00000, 0x00000000eb100000, 0x0000000100000000)
  eden space 3072K, 0% used [0x00000000eab00000,0x00000000eab00000,0x00000000eae00000)
  from space 1536K, 70% used [0x00000000eae00000,0x00000000eaf0d128,0x00000000eaf80000)
  to   space 1536K, 0% used [0x00000000eaf80000,0x00000000eaf80000,0x00000000eb100000)
 ParOldGen       total 285696K, used 285433K [0x00000000c0000000, 0x00000000d1700000, 0x00000000eab00000)
  object space 285696K, 99% used [0x00000000c0000000,0x00000000d16be4d8,0x00000000d1700000)
 Metaspace       used 55913K, committed 57280K, reserved 1114112K
  class space    used 5827K, committed 6464K, reserved 1048576K
}
Event: 8.162 GC heap before
{Heap before GC invocations=188 (full 2):
 PSYoungGen      total 4608K, used 4102K [0x00000000eab00000, 0x00000000eb100000, 0x0000000100000000)
  eden space 3072K, 98% used [0x00000000eab00000,0x00000000eadf4890,0x00000000eae00000)
  from space 1536K, 70% used [0x00000000eae00000,0x00000000eaf0d128,0x00000000eaf80000)
  to   space 1536K, 0% used [0x00000000eaf80000,0x00000000eaf80000,0x00000000eb100000)
 ParOldGen       total 285696K, used 285433K [0x00000000c0000000, 0x00000000d1700000, 0x00000000eab00000)
  object space 285696K, 99% used [0x00000000c0000000,0x00000000d16be4d8,0x00000000d1700000)
 Metaspace       used 55917K, committed 57280K, reserved 1114112K
  class space    used 5827K, committed 6464K, reserved 1048576K
}
Event: 8.163 GC heap after
{Heap after GC invocations=188 (full 2):
 PSYoungGen      total 4608K, used 1137K [0x00000000eab00000, 0x00000000eb100000, 0x0000000100000000)
  eden space 3072K, 0% used [0x00000000eab00000,0x00000000eab00000,0x00000000eae00000)
  from space 1536K, 74% used [0x00000000eaf80000,0x00000000eb09c578,0x00000000eb100000)
  to   space 1536K, 0% used [0x00000000eae00000,0x00000000eae00000,0x00000000eaf80000)
 ParOldGen       total 286720K, used 286395K [0x00000000c0000000, 0x00000000d1800000, 0x00000000eab00000)
  object space 286720K, 99% used [0x00000000c0000000,0x00000000d17aeda0,0x00000000d1800000)
 Metaspace       used 55917K, committed 57280K, reserved 1114112K
  class space    used 5827K, committed 6464K, reserved 1048576K
}
Event: 8.168 GC heap before
{Heap before GC invocations=189 (full 2):
 PSYoungGen      total 4608K, used 4209K [0x00000000eab00000, 0x00000000eb100000, 0x0000000100000000)
  eden space 3072K, 99% used [0x00000000eab00000,0x00000000eadfffd8,0x00000000eae00000)
  from space 1536K, 74% used [0x00000000eaf80000,0x00000000eb09c578,0x00000000eb100000)
  to   space 1536K, 0% used [0x00000000eae00000,0x00000000eae00000,0x00000000eaf80000)
 ParOldGen       total 286720K, used 286395K [0x00000000c0000000, 0x00000000d1800000, 0x00000000eab00000)
  object space 286720K, 99% used [0x00000000c0000000,0x00000000d17aeda0,0x00000000d1800000)
 Metaspace       used 55931K, committed 57344K, reserved 1114112K
  class space    used 5829K, committed 6464K, reserved 1048576K
}
Event: 8.170 GC heap after
{Heap after GC invocations=189 (full 2):
 PSYoungGen      total 4608K, used 1226K [0x00000000eab00000, 0x00000000eb100000, 0x0000000100000000)
  eden space 3072K, 0% used [0x00000000eab00000,0x00000000eab00000,0x00000000eae00000)
  from space 1536K, 79% used [0x00000000eae00000,0x00000000eaf328f8,0x00000000eaf80000)
  to   space 1536K, 0% used [0x00000000eaf80000,0x00000000eaf80000,0x00000000eb100000)
 ParOldGen       total 287744K, used 287312K [0x00000000c0000000, 0x00000000d1900000, 0x00000000eab00000)
  object space 287744K, 99% used [0x00000000c0000000,0x00000000d18942d0,0x00000000d1900000)
 Metaspace       used 55931K, committed 57344K, reserved 1114112K
  class space    used 5829K, committed 6464K, reserved 1048576K
}
Event: 8.177 GC heap before
{Heap before GC invocations=190 (full 2):
 PSYoungGen      total 4608K, used 4298K [0x00000000eab00000, 0x00000000eb100000, 0x0000000100000000)
  eden space 3072K, 100% used [0x00000000eab00000,0x00000000eae00000,0x00000000eae00000)
  from space 1536K, 79% used [0x00000000eae00000,0x00000000eaf328f8,0x00000000eaf80000)
  to   space 1536K, 0% used [0x00000000eaf80000,0x00000000eaf80000,0x00000000eb100000)
 ParOldGen       total 287744K, used 287312K [0x00000000c0000000, 0x00000000d1900000, 0x00000000eab00000)
  object space 287744K, 99% used [0x00000000c0000000,0x00000000d18942d0,0x00000000d1900000)
 Metaspace       used 55967K, committed 57344K, reserved 1114112K
  class space    used 5838K, committed 6464K, reserved 1048576K
}
Event: 8.178 GC heap after
{Heap after GC invocations=190 (full 2):
 PSYoungGen      total 4096K, used 869K [0x00000000eab00000, 0x00000000eb080000, 0x0000000100000000)
  eden space 3072K, 0% used [0x00000000eab00000,0x00000000eab00000,0x00000000eae00000)
  from space 1024K, 84% used [0x00000000eaf80000,0x00000000eb059408,0x00000000eb080000)
  to   space 1024K, 0% used [0x00000000eae80000,0x00000000eae80000,0x00000000eaf80000)
 ParOldGen       total 288768K, used 288378K [0x00000000c0000000, 0x00000000d1a00000, 0x00000000eab00000)
  object space 288768K, 99% used [0x00000000c0000000,0x00000000d199eae8,0x00000000d1a00000)
 Metaspace       used 55967K, committed 57344K, reserved 1114112K
  class space    used 5838K, committed 6464K, reserved 1048576K
}
Event: 8.186 GC heap before
{Heap before GC invocations=191 (full 2):
 PSYoungGen      total 4096K, used 3941K [0x00000000eab00000, 0x00000000eb080000, 0x0000000100000000)
  eden space 3072K, 100% used [0x00000000eab00000,0x00000000eae00000,0x00000000eae00000)
  from space 1024K, 84% used [0x00000000eaf80000,0x00000000eb059408,0x00000000eb080000)
  to   space 1024K, 0% used [0x00000000eae80000,0x00000000eae80000,0x00000000eaf80000)
 ParOldGen       total 288768K, used 288378K [0x00000000c0000000, 0x00000000d1a00000, 0x00000000eab00000)
  object space 288768K, 99% used [0x00000000c0000000,0x00000000d199eae8,0x00000000d1a00000)
 Metaspace       used 55985K, committed 57344K, reserved 1114112K
  class space    used 5838K, committed 6464K, reserved 1048576K
}
Event: 8.187 GC heap after
{Heap after GC invocations=191 (full 2):
 PSYoungGen      total 4096K, used 848K [0x00000000eab00000, 0x00000000eb000000, 0x0000000100000000)
  eden space 3072K, 0% used [0x00000000eab00000,0x00000000eab00000,0x00000000eae00000)
  from space 1024K, 82% used [0x00000000eae80000,0x00000000eaf54268,0x00000000eaf80000)
  to   space 512K, 0% used [0x00000000eaf80000,0x00000000eaf80000,0x00000000eb000000)
 ParOldGen       total 289280K, used 289087K [0x00000000c0000000, 0x00000000d1a80000, 0x00000000eab00000)
  object space 289280K, 99% used [0x00000000c0000000,0x00000000d1a4fc90,0x00000000d1a80000)
 Metaspace       used 55985K, committed 57344K, reserved 1114112K
  class space    used 5838K, committed 6464K, reserved 1048576K
}
Event: 8.193 GC heap before
{Heap before GC invocations=192 (full 2):
 PSYoungGen      total 4096K, used 3920K [0x00000000eab00000, 0x00000000eb000000, 0x0000000100000000)
  eden space 3072K, 100% used [0x00000000eab00000,0x00000000eae00000,0x00000000eae00000)
  from space 1024K, 82% used [0x00000000eae80000,0x00000000eaf54268,0x00000000eaf80000)
  to   space 512K, 0% used [0x00000000eaf80000,0x00000000eaf80000,0x00000000eb000000)
 ParOldGen       total 289280K, used 289087K [0x00000000c0000000, 0x00000000d1a80000, 0x00000000eab00000)
  object space 289280K, 99% used [0x00000000c0000000,0x00000000d1a4fc90,0x00000000d1a80000)
 Metaspace       used 56030K, committed 57408K, reserved 1114112K
  class space    used 5843K, committed 6464K, reserved 1048576K
}
Event: 8.195 GC heap after
{Heap after GC invocations=192 (full 2):
 PSYoungGen      total 3584K, used 511K [0x00000000eab00000, 0x00000000eb100000, 0x0000000100000000)
  eden space 3072K, 0% used [0x00000000eab00000,0x00000000eab00000,0x00000000eae00000)
  from space 512K, 99% used [0x00000000eaf80000,0x00000000eafffea0,0x00000000eb000000)
  to   space 1536K, 0% used [0x00000000eae00000,0x00000000eae00000,0x00000000eaf80000)
 ParOldGen       total 290304K, used 289911K [0x00000000c0000000, 0x00000000d1b80000, 0x00000000eab00000)
  object space 290304K, 99% used [0x00000000c0000000,0x00000000d1b1de08,0x00000000d1b80000)
 Metaspace       used 56030K, committed 57408K, reserved 1114112K
  class space    used 5843K, committed 6464K, reserved 1048576K
}
Event: 8.202 GC heap before
{Heap before GC invocations=193 (full 2):
 PSYoungGen      total 3584K, used 3583K [0x00000000eab00000, 0x00000000eb100000, 0x0000000100000000)
  eden space 3072K, 100% used [0x00000000eab00000,0x00000000eae00000,0x00000000eae00000)
  from space 512K, 99% used [0x00000000eaf80000,0x00000000eafffea0,0x00000000eb000000)
  to   space 1536K, 0% used [0x00000000eae00000,0x00000000eae00000,0x00000000eaf80000)
 ParOldGen       total 290304K, used 289911K [0x00000000c0000000, 0x00000000d1b80000, 0x00000000eab00000)
  object space 290304K, 99% used [0x00000000c0000000,0x00000000d1b1de08,0x00000000d1b80000)
 Metaspace       used 56057K, committed 57408K, reserved 1114112K
  class space    used 5845K, committed 6464K, reserved 1048576K
}

