# JRE version: OpenJDK Runtime Environment Temurin-21.0.7+6 (21.0.7+6) (build 21.0.7+6-LTS)
# Java VM: OpenJDK 64-Bit Server VM Temurin-21.0.7+6 (21.0.7+6-LTS, mixed mode, sharing, tiered, compressed oops, compressed class ptrs, parallel gc, windows-amd64)
GC Precious Log:
 CardTable entry size: 512
 CPUs: 12 total, 12 available
 Memory: 15775M
 Large Page Support: Disabled
 NUMA Support: Disabled
 Compressed Oops: Enabled (32-bit)
 Alignments: Space 512K, Generation 512K, Heap 2M
 Heap Min Capacity: 100M
 Heap Initial Capacity: 100M
 Heap Max Capacity: 1G
 Pre-touch: Disabled
 Parallel Workers: 10
Heap:
 PSYoungGen      total 6144K, used 6134K [0x00000000eab00000, 0x00000000eb700000, 0x0000000100000000)
  eden space 4608K, 99% used [0x00000000eab00000,0x00000000eaf7ffe0,0x00000000eaf80000)
  from space 1536K, 99% used [0x00000000eb280000,0x00000000eb3fda88,0x00000000eb400000)
  to   space 3072K, 14% used [0x00000000eaf80000,0x00000000eaff0000,0x00000000eb280000)
 ParOldGen       total 255488K, used 255482K [0x00000000c0000000, 0x00000000cf980000, 0x00000000eab00000)
  object space 255488K, 99% used [0x00000000c0000000,0x00000000cf97ea90,0x00000000cf980000)
 Metaspace       used 55018K, committed 56384K, reserved 1114112K
  class space    used 5763K, committed 6400K, reserved 1048576K
GC Heap History (20 events):
Event: 6.098 GC heap before
{Heap before GC invocations=189 (full 2):
 PSYoungGen      total 8192K, used 8049K [0x00000000eab00000, 0x00000000eb680000, 0x0000000100000000)
  eden space 6144K, 100% used [0x00000000eab00000,0x00000000eb100000,0x00000000eb100000)
  from space 2048K, 93% used [0x00000000eb480000,0x00000000eb65c730,0x00000000eb680000)
  to   space 2560K, 0% used [0x00000000eb180000,0x00000000eb180000,0x00000000eb400000)
 ParOldGen       total 246272K, used 245812K [0x00000000c0000000, 0x00000000cf080000, 0x00000000eab00000)
  object space 246272K, 99% used [0x00000000c0000000,0x00000000cf00d1d8,0x00000000cf080000)
 Metaspace       used 53865K, committed 55232K, reserved 1114112K
  class space    used 5662K, committed 6272K, reserved 1048576K
}
Event: 6.099 GC heap after
{Heap after GC invocations=189 (full 2):
 PSYoungGen      total 8192K, used 1701K [0x00000000eab00000, 0x00000000eb500000, 0x0000000100000000)
  eden space 6144K, 0% used [0x00000000eab00000,0x00000000eab00000,0x00000000eb100000)
  from space 2048K, 83% used [0x00000000eb180000,0x00000000eb329510,0x00000000eb380000)
  to   space 1536K, 0% used [0x00000000eb380000,0x00000000eb380000,0x00000000eb500000)
 ParOldGen       total 246784K, used 246767K [0x00000000c0000000, 0x00000000cf100000, 0x00000000eab00000)
  object space 246784K, 99% used [0x00000000c0000000,0x00000000cf0fbc28,0x00000000cf100000)
 Metaspace       used 53865K, committed 55232K, reserved 1114112K
  class space    used 5662K, committed 6272K, reserved 1048576K
}
Event: 6.105 GC heap before
{Heap before GC invocations=190 (full 2):
 PSYoungGen      total 8192K, used 7762K [0x00000000eab00000, 0x00000000eb500000, 0x0000000100000000)
  eden space 6144K, 98% used [0x00000000eab00000,0x00000000eb0eb310,0x00000000eb100000)
  from space 2048K, 83% used [0x00000000eb180000,0x00000000eb329510,0x00000000eb380000)
  to   space 1536K, 0% used [0x00000000eb380000,0x00000000eb380000,0x00000000eb500000)
 ParOldGen       total 246784K, used 246767K [0x00000000c0000000, 0x00000000cf100000, 0x00000000eab00000)
  object space 246784K, 99% used [0x00000000c0000000,0x00000000cf0fbc28,0x00000000cf100000)
 Metaspace       used 53866K, committed 55232K, reserved 1114112K
  class space    used 5662K, committed 6272K, reserved 1048576K
}
Event: 6.106 GC heap after
{Heap after GC invocations=190 (full 2):
 PSYoungGen      total 7680K, used 1533K [0x00000000eab00000, 0x00000000eb600000, 0x0000000100000000)
  eden space 6144K, 0% used [0x00000000eab00000,0x00000000eab00000,0x00000000eb100000)
  from space 1536K, 99% used [0x00000000eb380000,0x00000000eb4ff788,0x00000000eb500000)
  to   space 2560K, 0% used [0x00000000eb100000,0x00000000eb100000,0x00000000eb380000)
 ParOldGen       total 247808K, used 247623K [0x00000000c0000000, 0x00000000cf200000, 0x00000000eab00000)
  object space 247808K, 99% used [0x00000000c0000000,0x00000000cf1d1ff0,0x00000000cf200000)
 Metaspace       used 53866K, committed 55232K, reserved 1114112K
  class space    used 5662K, committed 6272K, reserved 1048576K
}
Event: 6.111 GC heap before
{Heap before GC invocations=191 (full 2):
 PSYoungGen      total 7680K, used 7536K [0x00000000eab00000, 0x00000000eb600000, 0x0000000100000000)
  eden space 6144K, 97% used [0x00000000eab00000,0x00000000eb0dcc10,0x00000000eb100000)
  from space 1536K, 99% used [0x00000000eb380000,0x00000000eb4ff788,0x00000000eb500000)
  to   space 2560K, 0% used [0x00000000eb100000,0x00000000eb100000,0x00000000eb380000)
 ParOldGen       total 247808K, used 247623K [0x00000000c0000000, 0x00000000cf200000, 0x00000000eab00000)
  object space 247808K, 99% used [0x00000000c0000000,0x00000000cf1d1ff0,0x00000000cf200000)
 Metaspace       used 53866K, committed 55232K, reserved 1114112K
  class space    used 5662K, committed 6272K, reserved 1048576K
}
Event: 6.112 GC heap after
{Heap after GC invocations=191 (full 2):
 PSYoungGen      total 8192K, used 1623K [0x00000000eab00000, 0x00000000eb500000, 0x0000000100000000)
  eden space 6144K, 0% used [0x00000000eab00000,0x00000000eab00000,0x00000000eb100000)
  from space 2048K, 79% used [0x00000000eb100000,0x00000000eb295d00,0x00000000eb300000)
  to   space 2048K, 0% used [0x00000000eb300000,0x00000000eb300000,0x00000000eb500000)
 ParOldGen       total 248320K, used 248159K [0x00000000c0000000, 0x00000000cf280000, 0x00000000eab00000)
  object space 248320K, 99% used [0x00000000c0000000,0x00000000cf257c18,0x00000000cf280000)
 Metaspace       used 53866K, committed 55232K, reserved 1114112K
  class space    used 5662K, committed 6272K, reserved 1048576K
}
Event: 6.118 GC heap before
{Heap before GC invocations=192 (full 2):
 PSYoungGen      total 8192K, used 7767K [0x00000000eab00000, 0x00000000eb500000, 0x0000000100000000)
  eden space 6144K, 100% used [0x00000000eab00000,0x00000000eb100000,0x00000000eb100000)
  from space 2048K, 79% used [0x00000000eb100000,0x00000000eb295d00,0x00000000eb300000)
  to   space 2048K, 0% used [0x00000000eb300000,0x00000000eb300000,0x00000000eb500000)
 ParOldGen       total 248320K, used 248159K [0x00000000c0000000, 0x00000000cf280000, 0x00000000eab00000)
  object space 248320K, 99% used [0x00000000c0000000,0x00000000cf257c18,0x00000000cf280000)
 Metaspace       used 53873K, committed 55232K, reserved 1114112K
  class space    used 5662K, committed 6272K, reserved 1048576K
}
Event: 6.120 GC heap after
{Heap after GC invocations=192 (full 2):
 PSYoungGen      total 8192K, used 1699K [0x00000000eab00000, 0x00000000eb500000, 0x0000000100000000)
  eden space 6144K, 0% used [0x00000000eab00000,0x00000000eab00000,0x00000000eb100000)
  from space 2048K, 82% used [0x00000000eb300000,0x00000000eb4a8d70,0x00000000eb500000)
  to   space 2048K, 0% used [0x00000000eb100000,0x00000000eb100000,0x00000000eb300000)
 ParOldGen       total 248832K, used 248764K [0x00000000c0000000, 0x00000000cf300000, 0x00000000eab00000)
  object space 248832K, 99% used [0x00000000c0000000,0x00000000cf2ef070,0x00000000cf300000)
 Metaspace       used 53873K, committed 55232K, reserved 1114112K
  class space    used 5662K, committed 6272K, reserved 1048576K
}
Event: 6.129 GC heap before
{Heap before GC invocations=193 (full 2):
 PSYoungGen      total 8192K, used 7843K [0x00000000eab00000, 0x00000000eb500000, 0x0000000100000000)
  eden space 6144K, 100% used [0x00000000eab00000,0x00000000eb100000,0x00000000eb100000)
  from space 2048K, 82% used [0x00000000eb300000,0x00000000eb4a8d70,0x00000000eb500000)
  to   space 2048K, 0% used [0x00000000eb100000,0x00000000eb100000,0x00000000eb300000)
 ParOldGen       total 248832K, used 248764K [0x00000000c0000000, 0x00000000cf300000, 0x00000000eab00000)
  object space 248832K, 99% used [0x00000000c0000000,0x00000000cf2ef070,0x00000000cf300000)
 Metaspace       used 54107K, committed 55488K, reserved 1114112K
  class space    used 5672K, committed 6336K, reserved 1048576K
}
Event: 6.131 GC heap after
{Heap after GC invocations=193 (full 2):
 PSYoungGen      total 7680K, used 1106K [0x00000000eab00000, 0x00000000eb400000, 0x0000000100000000)
  eden space 6144K, 0% used [0x00000000eab00000,0x00000000eab00000,0x00000000eb100000)
  from space 1536K, 72% used [0x00000000eb100000,0x00000000eb2149c0,0x00000000eb280000)
  to   space 1536K, 0% used [0x00000000eb280000,0x00000000eb280000,0x00000000eb400000)
 ParOldGen       total 249856K, used 249475K [0x00000000c0000000, 0x00000000cf400000, 0x00000000eab00000)
  object space 249856K, 99% used [0x00000000c0000000,0x00000000cf3a0f68,0x00000000cf400000)
 Metaspace       used 54107K, committed 55488K, reserved 1114112K
  class space    used 5672K, committed 6336K, reserved 1048576K
}
Event: 6.141 GC heap before
{Heap before GC invocations=194 (full 2):
 PSYoungGen      total 7680K, used 7250K [0x00000000eab00000, 0x00000000eb400000, 0x0000000100000000)
  eden space 6144K, 100% used [0x00000000eab00000,0x00000000eb100000,0x00000000eb100000)
  from space 1536K, 72% used [0x00000000eb100000,0x00000000eb2149c0,0x00000000eb280000)
  to   space 1536K, 0% used [0x00000000eb280000,0x00000000eb280000,0x00000000eb400000)
 ParOldGen       total 249856K, used 249475K [0x00000000c0000000, 0x00000000cf400000, 0x00000000eab00000)
  object space 249856K, 99% used [0x00000000c0000000,0x00000000cf3a0f68,0x00000000cf400000)
 Metaspace       used 54304K, committed 55680K, reserved 1114112K
  class space    used 5694K, committed 6336K, reserved 1048576K
}
Event: 6.143 GC heap after
{Heap after GC invocations=194 (full 2):
 PSYoungGen      total 7680K, used 1371K [0x00000000eab00000, 0x00000000eb400000, 0x0000000100000000)
  eden space 6144K, 0% used [0x00000000eab00000,0x00000000eab00000,0x00000000eb100000)
  from space 1536K, 89% used [0x00000000eb280000,0x00000000eb3d6c40,0x00000000eb400000)
  to   space 1536K, 0% used [0x00000000eb100000,0x00000000eb100000,0x00000000eb280000)
 ParOldGen       total 250880K, used 250449K [0x00000000c0000000, 0x00000000cf500000, 0x00000000eab00000)
  object space 250880K, 99% used [0x00000000c0000000,0x00000000cf4946e0,0x00000000cf500000)
 Metaspace       used 54304K, committed 55680K, reserved 1114112K
  class space    used 5694K, committed 6336K, reserved 1048576K
}
Event: 6.154 GC heap before
{Heap before GC invocations=195 (full 2):
 PSYoungGen      total 7680K, used 7510K [0x00000000eab00000, 0x00000000eb400000, 0x0000000100000000)
  eden space 6144K, 99% used [0x00000000eab00000,0x00000000eb0fefb8,0x00000000eb100000)
  from space 1536K, 89% used [0x00000000eb280000,0x00000000eb3d6c40,0x00000000eb400000)
  to   space 1536K, 0% used [0x00000000eb100000,0x00000000eb100000,0x00000000eb280000)
 ParOldGen       total 250880K, used 250449K [0x00000000c0000000, 0x00000000cf500000, 0x00000000eab00000)
  object space 250880K, 99% used [0x00000000c0000000,0x00000000cf4946e0,0x00000000cf500000)
 Metaspace       used 54551K, committed 55936K, reserved 1114112K
  class space    used 5721K, committed 6336K, reserved 1048576K
}
Event: 6.156 GC heap after
{Heap after GC invocations=195 (full 2):
 PSYoungGen      total 7680K, used 1207K [0x00000000eab00000, 0x00000000eb400000, 0x0000000100000000)
  eden space 6144K, 0% used [0x00000000eab00000,0x00000000eab00000,0x00000000eb100000)
  from space 1536K, 78% used [0x00000000eb100000,0x00000000eb22df88,0x00000000eb280000)
  to   space 1536K, 0% used [0x00000000eb280000,0x00000000eb280000,0x00000000eb400000)
 ParOldGen       total 251904K, used 251611K [0x00000000c0000000, 0x00000000cf600000, 0x00000000eab00000)
  object space 251904K, 99% used [0x00000000c0000000,0x00000000cf5b6ff8,0x00000000cf600000)
 Metaspace       used 54551K, committed 55936K, reserved 1114112K
  class space    used 5721K, committed 6336K, reserved 1048576K
}
Event: 6.167 GC heap before
{Heap before GC invocations=196 (full 2):
 PSYoungGen      total 7680K, used 7351K [0x00000000eab00000, 0x00000000eb400000, 0x0000000100000000)
  eden space 6144K, 100% used [0x00000000eab00000,0x00000000eb100000,0x00000000eb100000)
  from space 1536K, 78% used [0x00000000eb100000,0x00000000eb22df88,0x00000000eb280000)
  to   space 1536K, 0% used [0x00000000eb280000,0x00000000eb280000,0x00000000eb400000)
 ParOldGen       total 251904K, used 251611K [0x00000000c0000000, 0x00000000cf600000, 0x00000000eab00000)
  object space 251904K, 99% used [0x00000000c0000000,0x00000000cf5b6ff8,0x00000000cf600000)
 Metaspace       used 54794K, committed 56192K, reserved 1114112K
  class space    used 5746K, committed 6400K, reserved 1048576K
}
Event: 6.168 GC heap after
{Heap after GC invocations=196 (full 2):
 PSYoungGen      total 7680K, used 1266K [0x00000000eab00000, 0x00000000eb400000, 0x0000000100000000)
  eden space 6144K, 0% used [0x00000000eab00000,0x00000000eab00000,0x00000000eb100000)
  from space 1536K, 82% used [0x00000000eb280000,0x00000000eb3bcb98,0x00000000eb400000)
  to   space 1536K, 0% used [0x00000000eb100000,0x00000000eb100000,0x00000000eb280000)
 ParOldGen       total 252928K, used 252663K [0x00000000c0000000, 0x00000000cf700000, 0x00000000eab00000)
  object space 252928K, 99% used [0x00000000c0000000,0x00000000cf6bdda0,0x00000000cf700000)
 Metaspace       used 54794K, committed 56192K, reserved 1114112K
  class space    used 5746K, committed 6400K, reserved 1048576K
}
Event: 6.182 GC heap before
{Heap before GC invocations=197 (full 2):
 PSYoungGen      total 7680K, used 7410K [0x00000000eab00000, 0x00000000eb400000, 0x0000000100000000)
  eden space 6144K, 100% used [0x00000000eab00000,0x00000000eb100000,0x00000000eb100000)
  from space 1536K, 82% used [0x00000000eb280000,0x00000000eb3bcb98,0x00000000eb400000)
  to   space 1536K, 0% used [0x00000000eb100000,0x00000000eb100000,0x00000000eb280000)
 ParOldGen       total 252928K, used 252663K [0x00000000c0000000, 0x00000000cf700000, 0x00000000eab00000)
  object space 252928K, 99% used [0x00000000c0000000,0x00000000cf6bdda0,0x00000000cf700000)
 Metaspace       used 54952K, committed 56320K, reserved 1114112K
  class space    used 5758K, committed 6400K, reserved 1048576K
}
Event: 6.184 GC heap after
{Heap after GC invocations=197 (full 2):
 PSYoungGen      total 7680K, used 1408K [0x00000000eab00000, 0x00000000eb400000, 0x0000000100000000)
  eden space 6144K, 0% used [0x00000000eab00000,0x00000000eab00000,0x00000000eb100000)
  from space 1536K, 91% used [0x00000000eb100000,0x00000000eb260000,0x00000000eb280000)
  to   space 1536K, 0% used [0x00000000eb280000,0x00000000eb280000,0x00000000eb400000)
 ParOldGen       total 253952K, used 253759K [0x00000000c0000000, 0x00000000cf800000, 0x00000000eab00000)
  object space 253952K, 99% used [0x00000000c0000000,0x00000000cf7cfc28,0x00000000cf800000)
 Metaspace       used 54952K, committed 56320K, reserved 1114112K
  class space    used 5758K, committed 6400K, reserved 1048576K
}
Event: 6.198 GC heap before
{Heap before GC invocations=198 (full 2):
 PSYoungGen      total 7680K, used 7552K [0x00000000eab00000, 0x00000000eb400000, 0x0000000100000000)
  eden space 6144K, 100% used [0x00000000eab00000,0x00000000eb100000,0x00000000eb100000)
  from space 1536K, 91% used [0x00000000eb100000,0x00000000eb260000,0x00000000eb280000)
  to   space 1536K, 0% used [0x00000000eb280000,0x00000000eb280000,0x00000000eb400000)
 ParOldGen       total 253952K, used 253759K [0x00000000c0000000, 0x00000000cf800000, 0x00000000eab00000)
  object space 253952K, 99% used [0x00000000c0000000,0x00000000cf7cfc28,0x00000000cf800000)
 Metaspace       used 55013K, committed 56384K, reserved 1114112K
  class space    used 5763K, committed 6400K, reserved 1048576K
}
Event: 6.199 GC heap after
{Heap after GC invocations=198 (full 2):
 PSYoungGen      total 6144K, used 1526K [0x00000000eab00000, 0x00000000eb700000, 0x0000000100000000)
  eden space 4608K, 0% used [0x00000000eab00000,0x00000000eab00000,0x00000000eaf80000)
  from space 1536K, 99% used [0x00000000eb280000,0x00000000eb3fda88,0x00000000eb400000)
  to   space 3072K, 0% used [0x00000000eaf80000,0x00000000eaf80000,0x00000000eb280000)
 ParOldGen       total 255488K, used 255056K [0x00000000c0000000, 0x00000000cf980000, 0x00000000eab00000)
  object space 255488K, 99% used [0x00000000c0000000,0x00000000cf914300,0x00000000cf980000)
 Metaspace       used 55013K, committed 56384K, reserved 1114112K
  class space    used 5763K, committed 6400K, reserved 1048576K
}

