# JRE version: OpenJDK Runtime Environment Temurin-21.0.7+6 (21.0.7+6) (build 21.0.7+6-LTS)
# Java VM: OpenJDK 64-Bit Server VM Temurin-21.0.7+6 (21.0.7+6-LTS, mixed mode, sharing, tiered, compressed oops, compressed class ptrs, parallel gc, windows-amd64)
GC Precious Log:
 CardTable entry size: 512
 CPUs: 12 total, 12 available
 Memory: 15775M
 Large Page Support: Disabled
 NUMA Support: Disabled
 Compressed Oops: Enabled (32-bit)
 Alignments: Space 512K, Generation 512K, Heap 2M
 Heap Min Capacity: 100M
 Heap Initial Capacity: 100M
 Heap Max Capacity: 1G
 Pre-touch: Disabled
 Parallel Workers: 10
Heap:
 PSYoungGen      total 10240K, used 5410K [0x00000000eab00000, 0x00000000eba00000, 0x0000000100000000)
  eden space 8192K, 41% used [0x00000000eab00000,0x00000000eae5a128,0x00000000eb300000)
  from space 2048K, 98% used [0x00000000eb600000,0x00000000eb7f8a00,0x00000000eb800000)
  to   space 2048K, 0% used [0x00000000eb800000,0x00000000eb800000,0x00000000eba00000)
 ParOldGen       total 328704K, used 328235K [0x00000000c0000000, 0x00000000d4100000, 0x00000000eab00000)
  object space 328704K, 99% used [0x00000000c0000000,0x00000000d408afa0,0x00000000d4100000)
 Metaspace       used 56634K, committed 57984K, reserved 1114112K
  class space    used 5897K, committed 6528K, reserved 1048576K
GC Heap History (20 events):
Event: 6.819 GC heap after
{Heap after GC invocations=235 (full 2):
 PSYoungGen      total 5120K, used 1397K [0x00000000eab00000, 0x00000000eb380000, 0x0000000100000000)
  eden space 3584K, 0% used [0x00000000eab00000,0x00000000eab00000,0x00000000eae80000)
  from space 1536K, 91% used [0x00000000eae80000,0x00000000eafdd740,0x00000000eb000000)
  to   space 2048K, 0% used [0x00000000eb180000,0x00000000eb180000,0x00000000eb380000)
 ParOldGen       total 307200K, used 307175K [0x00000000c0000000, 0x00000000d2c00000, 0x00000000eab00000)
  object space 307200K, 99% used [0x00000000c0000000,0x00000000d2bf9ea8,0x00000000d2c00000)
 Metaspace       used 55943K, committed 57408K, reserved 1114112K
  class space    used 5837K, committed 6528K, reserved 1048576K
}
Event: 6.822 GC heap before
{Heap before GC invocations=236 (full 2):
 PSYoungGen      total 5120K, used 4981K [0x00000000eab00000, 0x00000000eb380000, 0x0000000100000000)
  eden space 3584K, 100% used [0x00000000eab00000,0x00000000eae80000,0x00000000eae80000)
  from space 1536K, 91% used [0x00000000eae80000,0x00000000eafdd740,0x00000000eb000000)
  to   space 2048K, 0% used [0x00000000eb180000,0x00000000eb180000,0x00000000eb380000)
 ParOldGen       total 307200K, used 307175K [0x00000000c0000000, 0x00000000d2c00000, 0x00000000eab00000)
  object space 307200K, 99% used [0x00000000c0000000,0x00000000d2bf9ea8,0x00000000d2c00000)
 Metaspace       used 55945K, committed 57408K, reserved 1114112K
  class space    used 5837K, committed 6528K, reserved 1048576K
}
Event: 6.823 GC heap after
{Heap after GC invocations=236 (full 2):
 PSYoungGen      total 6656K, used 1466K [0x00000000eab00000, 0x00000000eb380000, 0x0000000100000000)
  eden space 4608K, 0% used [0x00000000eab00000,0x00000000eab00000,0x00000000eaf80000)
  from space 2048K, 71% used [0x00000000eb180000,0x00000000eb2eea60,0x00000000eb380000)
  to   space 2048K, 0% used [0x00000000eaf80000,0x00000000eaf80000,0x00000000eb180000)
 ParOldGen       total 308736K, used 308454K [0x00000000c0000000, 0x00000000d2d80000, 0x00000000eab00000)
  object space 308736K, 99% used [0x00000000c0000000,0x00000000d2d39b30,0x00000000d2d80000)
 Metaspace       used 55945K, committed 57408K, reserved 1114112K
  class space    used 5837K, committed 6528K, reserved 1048576K
}
Event: 6.827 GC heap before
{Heap before GC invocations=237 (full 2):
 PSYoungGen      total 6656K, used 6050K [0x00000000eab00000, 0x00000000eb380000, 0x0000000100000000)
  eden space 4608K, 99% used [0x00000000eab00000,0x00000000eaf79fc8,0x00000000eaf80000)
  from space 2048K, 71% used [0x00000000eb180000,0x00000000eb2eea60,0x00000000eb380000)
  to   space 2048K, 0% used [0x00000000eaf80000,0x00000000eaf80000,0x00000000eb180000)
 ParOldGen       total 308736K, used 308454K [0x00000000c0000000, 0x00000000d2d80000, 0x00000000eab00000)
  object space 308736K, 99% used [0x00000000c0000000,0x00000000d2d39b30,0x00000000d2d80000)
 Metaspace       used 55946K, committed 57408K, reserved 1114112K
  class space    used 5837K, committed 6528K, reserved 1048576K
}
Event: 6.828 GC heap after
{Heap after GC invocations=237 (full 2):
 PSYoungGen      total 6656K, used 1898K [0x00000000eab00000, 0x00000000eb480000, 0x0000000100000000)
  eden space 4608K, 0% used [0x00000000eab00000,0x00000000eab00000,0x00000000eaf80000)
  from space 2048K, 92% used [0x00000000eaf80000,0x00000000eb15aa90,0x00000000eb180000)
  to   space 2048K, 0% used [0x00000000eb280000,0x00000000eb280000,0x00000000eb480000)
 ParOldGen       total 310272K, used 309823K [0x00000000c0000000, 0x00000000d2f00000, 0x00000000eab00000)
  object space 310272K, 99% used [0x00000000c0000000,0x00000000d2e8fcc8,0x00000000d2f00000)
 Metaspace       used 55946K, committed 57408K, reserved 1114112K
  class space    used 5837K, committed 6528K, reserved 1048576K
}
Event: 6.833 GC heap before
{Heap before GC invocations=238 (full 2):
 PSYoungGen      total 6656K, used 6500K [0x00000000eab00000, 0x00000000eb480000, 0x0000000100000000)
  eden space 4608K, 99% used [0x00000000eab00000,0x00000000eaf7e8f8,0x00000000eaf80000)
  from space 2048K, 92% used [0x00000000eaf80000,0x00000000eb15aa90,0x00000000eb180000)
  to   space 2048K, 0% used [0x00000000eb280000,0x00000000eb280000,0x00000000eb480000)
 ParOldGen       total 310272K, used 309823K [0x00000000c0000000, 0x00000000d2f00000, 0x00000000eab00000)
  object space 310272K, 99% used [0x00000000c0000000,0x00000000d2e8fcc8,0x00000000d2f00000)
 Metaspace       used 55963K, committed 57408K, reserved 1114112K
  class space    used 5837K, committed 6528K, reserved 1048576K
}
Event: 6.834 GC heap after
{Heap after GC invocations=238 (full 2):
 PSYoungGen      total 7680K, used 1902K [0x00000000eab00000, 0x00000000eb480000, 0x0000000100000000)
  eden space 5632K, 0% used [0x00000000eab00000,0x00000000eab00000,0x00000000eb080000)
  from space 2048K, 92% used [0x00000000eb280000,0x00000000eb45bac8,0x00000000eb480000)
  to   space 2048K, 0% used [0x00000000eb080000,0x00000000eb080000,0x00000000eb280000)
 ParOldGen       total 311808K, used 311510K [0x00000000c0000000, 0x00000000d3080000, 0x00000000eab00000)
  object space 311808K, 99% used [0x00000000c0000000,0x00000000d30359b0,0x00000000d3080000)
 Metaspace       used 55963K, committed 57408K, reserved 1114112K
  class space    used 5837K, committed 6528K, reserved 1048576K
}
Event: 6.839 GC heap before
{Heap before GC invocations=239 (full 2):
 PSYoungGen      total 7680K, used 7428K [0x00000000eab00000, 0x00000000eb480000, 0x0000000100000000)
  eden space 5632K, 98% used [0x00000000eab00000,0x00000000eb065888,0x00000000eb080000)
  from space 2048K, 92% used [0x00000000eb280000,0x00000000eb45bac8,0x00000000eb480000)
  to   space 2048K, 0% used [0x00000000eb080000,0x00000000eb080000,0x00000000eb280000)
 ParOldGen       total 311808K, used 311510K [0x00000000c0000000, 0x00000000d3080000, 0x00000000eab00000)
  object space 311808K, 99% used [0x00000000c0000000,0x00000000d30359b0,0x00000000d3080000)
 Metaspace       used 55966K, committed 57408K, reserved 1114112K
  class space    used 5837K, committed 6528K, reserved 1048576K
}
Event: 6.842 GC heap after
{Heap after GC invocations=239 (full 2):
 PSYoungGen      total 7680K, used 2021K [0x00000000eab00000, 0x00000000eb600000, 0x0000000100000000)
  eden space 5632K, 0% used [0x00000000eab00000,0x00000000eab00000,0x00000000eb080000)
  from space 2048K, 98% used [0x00000000eb080000,0x00000000eb279458,0x00000000eb280000)
  to   space 2048K, 0% used [0x00000000eb400000,0x00000000eb400000,0x00000000eb600000)
 ParOldGen       total 313856K, used 313529K [0x00000000c0000000, 0x00000000d3280000, 0x00000000eab00000)
  object space 313856K, 99% used [0x00000000c0000000,0x00000000d322e748,0x00000000d3280000)
 Metaspace       used 55966K, committed 57408K, reserved 1114112K
  class space    used 5837K, committed 6528K, reserved 1048576K
}
Event: 6.847 GC heap before
{Heap before GC invocations=240 (full 2):
 PSYoungGen      total 7680K, used 7653K [0x00000000eab00000, 0x00000000eb600000, 0x0000000100000000)
  eden space 5632K, 100% used [0x00000000eab00000,0x00000000eb080000,0x00000000eb080000)
  from space 2048K, 98% used [0x00000000eb080000,0x00000000eb279458,0x00000000eb280000)
  to   space 2048K, 0% used [0x00000000eb400000,0x00000000eb400000,0x00000000eb600000)
 ParOldGen       total 313856K, used 313529K [0x00000000c0000000, 0x00000000d3280000, 0x00000000eab00000)
  object space 313856K, 99% used [0x00000000c0000000,0x00000000d322e748,0x00000000d3280000)
 Metaspace       used 55969K, committed 57408K, reserved 1114112K
  class space    used 5837K, committed 6528K, reserved 1048576K
}
Event: 6.848 GC heap after
{Heap after GC invocations=240 (full 2):
 PSYoungGen      total 8704K, used 2047K [0x00000000eab00000, 0x00000000eb700000, 0x0000000100000000)
  eden space 6656K, 0% used [0x00000000eab00000,0x00000000eab00000,0x00000000eb180000)
  from space 2048K, 99% used [0x00000000eb400000,0x00000000eb5ffc28,0x00000000eb600000)
  to   space 2560K, 0% used [0x00000000eb180000,0x00000000eb180000,0x00000000eb400000)
 ParOldGen       total 315904K, used 315656K [0x00000000c0000000, 0x00000000d3480000, 0x00000000eab00000)
  object space 315904K, 99% used [0x00000000c0000000,0x00000000d34420d0,0x00000000d3480000)
 Metaspace       used 55969K, committed 57408K, reserved 1114112K
  class space    used 5837K, committed 6528K, reserved 1048576K
}
Event: 6.854 GC heap before
{Heap before GC invocations=241 (full 2):
 PSYoungGen      total 8704K, used 8703K [0x00000000eab00000, 0x00000000eb700000, 0x0000000100000000)
  eden space 6656K, 100% used [0x00000000eab00000,0x00000000eb180000,0x00000000eb180000)
  from space 2048K, 99% used [0x00000000eb400000,0x00000000eb5ffc28,0x00000000eb600000)
  to   space 2560K, 0% used [0x00000000eb180000,0x00000000eb180000,0x00000000eb400000)
 ParOldGen       total 315904K, used 315656K [0x00000000c0000000, 0x00000000d3480000, 0x00000000eab00000)
  object space 315904K, 99% used [0x00000000c0000000,0x00000000d34420d0,0x00000000d3480000)
 Metaspace       used 55999K, committed 57472K, reserved 1114112K
  class space    used 5843K, committed 6528K, reserved 1048576K
}
Event: 6.855 GC heap after
{Heap after GC invocations=241 (full 2):
 PSYoungGen      total 9216K, used 2536K [0x00000000eab00000, 0x00000000eb900000, 0x0000000100000000)
  eden space 6656K, 0% used [0x00000000eab00000,0x00000000eab00000,0x00000000eb180000)
  from space 2560K, 99% used [0x00000000eb180000,0x00000000eb3fa0d8,0x00000000eb400000)
  to   space 3072K, 0% used [0x00000000eb600000,0x00000000eb600000,0x00000000eb900000)
 ParOldGen       total 317952K, used 317859K [0x00000000c0000000, 0x00000000d3680000, 0x00000000eab00000)
  object space 317952K, 99% used [0x00000000c0000000,0x00000000d3668c18,0x00000000d3680000)
 Metaspace       used 55999K, committed 57472K, reserved 1114112K
  class space    used 5843K, committed 6528K, reserved 1048576K
}
Event: 6.860 GC heap before
{Heap before GC invocations=242 (full 2):
 PSYoungGen      total 9216K, used 9150K [0x00000000eab00000, 0x00000000eb900000, 0x0000000100000000)
  eden space 6656K, 99% used [0x00000000eab00000,0x00000000eb175858,0x00000000eb180000)
  from space 2560K, 99% used [0x00000000eb180000,0x00000000eb3fa0d8,0x00000000eb400000)
  to   space 3072K, 0% used [0x00000000eb600000,0x00000000eb600000,0x00000000eb900000)
 ParOldGen       total 317952K, used 317859K [0x00000000c0000000, 0x00000000d3680000, 0x00000000eab00000)
  object space 317952K, 99% used [0x00000000c0000000,0x00000000d3668c18,0x00000000d3680000)
 Metaspace       used 56023K, committed 57472K, reserved 1114112K
  class space    used 5848K, committed 6528K, reserved 1048576K
}
Event: 6.862 GC heap after
{Heap after GC invocations=242 (full 2):
 PSYoungGen      total 11264K, used 2804K [0x00000000eab00000, 0x00000000eb900000, 0x0000000100000000)
  eden space 8192K, 0% used [0x00000000eab00000,0x00000000eab00000,0x00000000eb300000)
  from space 3072K, 91% used [0x00000000eb600000,0x00000000eb8bd1c8,0x00000000eb900000)
  to   space 3072K, 0% used [0x00000000eb300000,0x00000000eb300000,0x00000000eb600000)
 ParOldGen       total 320512K, used 320317K [0x00000000c0000000, 0x00000000d3900000, 0x00000000eab00000)
  object space 320512K, 99% used [0x00000000c0000000,0x00000000d38cf700,0x00000000d3900000)
 Metaspace       used 56023K, committed 57472K, reserved 1114112K
  class space    used 5848K, committed 6528K, reserved 1048576K
}
Event: 6.871 GC heap before
{Heap before GC invocations=243 (full 2):
 PSYoungGen      total 11264K, used 10996K [0x00000000eab00000, 0x00000000eb900000, 0x0000000100000000)
  eden space 8192K, 100% used [0x00000000eab00000,0x00000000eb300000,0x00000000eb300000)
  from space 3072K, 91% used [0x00000000eb600000,0x00000000eb8bd1c8,0x00000000eb900000)
  to   space 3072K, 0% used [0x00000000eb300000,0x00000000eb300000,0x00000000eb600000)
 ParOldGen       total 320512K, used 320317K [0x00000000c0000000, 0x00000000d3900000, 0x00000000eab00000)
  object space 320512K, 99% used [0x00000000c0000000,0x00000000d38cf700,0x00000000d3900000)
 Metaspace       used 56050K, committed 57472K, reserved 1114112K
  class space    used 5848K, committed 6528K, reserved 1048576K
}
Event: 6.872 GC heap after
{Heap after GC invocations=243 (full 2):
 PSYoungGen      total 11264K, used 2688K [0x00000000eab00000, 0x00000000ebb00000, 0x0000000100000000)
  eden space 8192K, 0% used [0x00000000eab00000,0x00000000eab00000,0x00000000eb300000)
  from space 3072K, 87% used [0x00000000eb300000,0x00000000eb5a0290,0x00000000eb600000)
  to   space 3072K, 0% used [0x00000000eb800000,0x00000000eb800000,0x00000000ebb00000)
 ParOldGen       total 323072K, used 322915K [0x00000000c0000000, 0x00000000d3b80000, 0x00000000eab00000)
  object space 323072K, 99% used [0x00000000c0000000,0x00000000d3b58e80,0x00000000d3b80000)
 Metaspace       used 56050K, committed 57472K, reserved 1114112K
  class space    used 5848K, committed 6528K, reserved 1048576K
}
Event: 6.948 GC heap before
{Heap before GC invocations=244 (full 2):
 PSYoungGen      total 11264K, used 10880K [0x00000000eab00000, 0x00000000ebb00000, 0x0000000100000000)
  eden space 8192K, 100% used [0x00000000eab00000,0x00000000eb300000,0x00000000eb300000)
  from space 3072K, 87% used [0x00000000eb300000,0x00000000eb5a0290,0x00000000eb600000)
  to   space 3072K, 0% used [0x00000000eb800000,0x00000000eb800000,0x00000000ebb00000)
 ParOldGen       total 323072K, used 322915K [0x00000000c0000000, 0x00000000d3b80000, 0x00000000eab00000)
  object space 323072K, 99% used [0x00000000c0000000,0x00000000d3b58e80,0x00000000d3b80000)
 Metaspace       used 56337K, committed 57728K, reserved 1114112K
  class space    used 5874K, committed 6528K, reserved 1048576K
}
Event: 6.951 GC heap after
{Heap after GC invocations=244 (full 2):
 PSYoungGen      total 10240K, used 1587K [0x00000000eab00000, 0x00000000eba00000, 0x0000000100000000)
  eden space 8192K, 0% used [0x00000000eab00000,0x00000000eab00000,0x00000000eb300000)
  from space 2048K, 77% used [0x00000000eb800000,0x00000000eb98ccb0,0x00000000eba00000)
  to   space 2048K, 0% used [0x00000000eb600000,0x00000000eb600000,0x00000000eb800000)
 ParOldGen       total 325632K, used 325493K [0x00000000c0000000, 0x00000000d3e00000, 0x00000000eab00000)
  object space 325632K, 99% used [0x00000000c0000000,0x00000000d3ddd6b0,0x00000000d3e00000)
 Metaspace       used 56337K, committed 57728K, reserved 1114112K
  class space    used 5874K, committed 6528K, reserved 1048576K
}
Event: 7.017 GC heap before
{Heap before GC invocations=245 (full 2):
 PSYoungGen      total 10240K, used 9772K [0x00000000eab00000, 0x00000000eba00000, 0x0000000100000000)
  eden space 8192K, 99% used [0x00000000eab00000,0x00000000eb2fe4d8,0x00000000eb300000)
  from space 2048K, 77% used [0x00000000eb800000,0x00000000eb98ccb0,0x00000000eba00000)
  to   space 2048K, 0% used [0x00000000eb600000,0x00000000eb600000,0x00000000eb800000)
 ParOldGen       total 325632K, used 325493K [0x00000000c0000000, 0x00000000d3e00000, 0x00000000eab00000)
  object space 325632K, 99% used [0x00000000c0000000,0x00000000d3ddd6b0,0x00000000d3e00000)
 Metaspace       used 56505K, committed 57856K, reserved 1114112K
  class space    used 5884K, committed 6528K, reserved 1048576K
}

