# JRE version: OpenJDK Runtime Environment Temurin-21.0.7+6 (21.0.7+6) (build 21.0.7+6-LTS)
# Java VM: OpenJDK 64-Bit Server VM Temurin-21.0.7+6 (21.0.7+6-LTS, mixed mode, sharing, tiered, compressed oops, compressed class ptrs, parallel gc, windows-amd64)
GC Precious Log:
 CardTable entry size: 512
 CPUs: 12 total, 12 available
 Memory: 15775M
 Large Page Support: Disabled
 NUMA Support: Disabled
 Compressed Oops: Enabled (32-bit)
 Alignments: Space 512K, Generation 512K, Heap 2M
 Heap Min Capacity: 100M
 Heap Initial Capacity: 100M
 Heap Max Capacity: 1G
 Pre-touch: Disabled
 Parallel Workers: 10
Heap:
 PSYoungGen      total 2048K, used 1910K [0x00000000eab00000, 0x00000000eae00000, 0x0000000100000000)
  eden space 1536K, 100% used [0x00000000eab00000,0x00000000eac80000,0x00000000eac80000)
  from space 512K, 73% used [0x00000000ead80000,0x00000000eaddd808,0x00000000eae00000)
  to   space 512K, 56% used [0x00000000ead00000,0x00000000ead48000,0x00000000ead80000)
 ParOldGen       total 417280K, used 417274K [0x00000000c0000000, 0x00000000d9780000, 0x00000000eab00000)
  object space 417280K, 99% used [0x00000000c0000000,0x00000000d977e8e8,0x00000000d9780000)
 Metaspace       used 65655K, committed 67200K, reserved 1114112K
  class space    used 6627K, committed 7360K, reserved 1048576K
GC Heap History (20 events):
Event: 36.439 GC heap before
{Heap before GC invocations=534 (full 3):
 PSYoungGen      total 1536K, used 1370K [0x00000000eab00000, 0x00000000eae00000, 0x0000000100000000)
  eden space 1024K, 98% used [0x00000000eab00000,0x00000000eabfcee8,0x00000000eac00000)
  from space 512K, 70% used [0x00000000ead80000,0x00000000eadd9ce0,0x00000000eae00000)
  to   space 512K, 0% used [0x00000000ead00000,0x00000000ead00000,0x00000000ead80000)
 ParOldGen       total 415744K, used 415636K [0x00000000c0000000, 0x00000000d9600000, 0x00000000eab00000)
  object space 415744K, 99% used [0x00000000c0000000,0x00000000d95e51f0,0x00000000d9600000)
 Metaspace       used 65654K, committed 67200K, reserved 1114112K
  class space    used 6627K, committed 7360K, reserved 1048576K
}
Event: 36.440 GC heap after
{Heap after GC invocations=534 (full 3):
 PSYoungGen      total 1536K, used 256K [0x00000000eab00000, 0x00000000eae00000, 0x0000000100000000)
  eden space 1024K, 0% used [0x00000000eab00000,0x00000000eab00000,0x00000000eac00000)
  from space 512K, 50% used [0x00000000ead00000,0x00000000ead40000,0x00000000ead80000)
  to   space 512K, 0% used [0x00000000ead80000,0x00000000ead80000,0x00000000eae00000)
 ParOldGen       total 416256K, used 415779K [0x00000000c0000000, 0x00000000d9680000, 0x00000000eab00000)
  object space 416256K, 99% used [0x00000000c0000000,0x00000000d9608ed0,0x00000000d9680000)
 Metaspace       used 65654K, committed 67200K, reserved 1114112K
  class space    used 6627K, committed 7360K, reserved 1048576K
}
Event: 36.446 GC heap before
{Heap before GC invocations=535 (full 3):
 PSYoungGen      total 1536K, used 1280K [0x00000000eab00000, 0x00000000eae00000, 0x0000000100000000)
  eden space 1024K, 100% used [0x00000000eab00000,0x00000000eac00000,0x00000000eac00000)
  from space 512K, 50% used [0x00000000ead00000,0x00000000ead40000,0x00000000ead80000)
  to   space 512K, 0% used [0x00000000ead80000,0x00000000ead80000,0x00000000eae00000)
 ParOldGen       total 416256K, used 415779K [0x00000000c0000000, 0x00000000d9680000, 0x00000000eab00000)
  object space 416256K, 99% used [0x00000000c0000000,0x00000000d9608ed0,0x00000000d9680000)
 Metaspace       used 65654K, committed 67200K, reserved 1114112K
  class space    used 6627K, committed 7360K, reserved 1048576K
}
Event: 36.448 GC heap after
{Heap after GC invocations=535 (full 3):
 PSYoungGen      total 1536K, used 256K [0x00000000eab00000, 0x00000000eae00000, 0x0000000100000000)
  eden space 1024K, 0% used [0x00000000eab00000,0x00000000eab00000,0x00000000eac00000)
  from space 512K, 50% used [0x00000000ead80000,0x00000000eadc0000,0x00000000eae00000)
  to   space 512K, 0% used [0x00000000ead00000,0x00000000ead00000,0x00000000ead80000)
 ParOldGen       total 416256K, used 415947K [0x00000000c0000000, 0x00000000d9680000, 0x00000000eab00000)
  object space 416256K, 99% used [0x00000000c0000000,0x00000000d9632ed0,0x00000000d9680000)
 Metaspace       used 65654K, committed 67200K, reserved 1114112K
  class space    used 6627K, committed 7360K, reserved 1048576K
}
Event: 36.453 GC heap before
{Heap before GC invocations=536 (full 3):
 PSYoungGen      total 1536K, used 1280K [0x00000000eab00000, 0x00000000eae00000, 0x0000000100000000)
  eden space 1024K, 100% used [0x00000000eab00000,0x00000000eac00000,0x00000000eac00000)
  from space 512K, 50% used [0x00000000ead80000,0x00000000eadc0000,0x00000000eae00000)
  to   space 512K, 0% used [0x00000000ead00000,0x00000000ead00000,0x00000000ead80000)
 ParOldGen       total 416256K, used 415947K [0x00000000c0000000, 0x00000000d9680000, 0x00000000eab00000)
  object space 416256K, 99% used [0x00000000c0000000,0x00000000d9632ed0,0x00000000d9680000)
 Metaspace       used 65654K, committed 67200K, reserved 1114112K
  class space    used 6627K, committed 7360K, reserved 1048576K
}
Event: 36.455 GC heap after
{Heap after GC invocations=536 (full 3):
 PSYoungGen      total 1536K, used 256K [0x00000000eab00000, 0x00000000eae00000, 0x0000000100000000)
  eden space 1024K, 0% used [0x00000000eab00000,0x00000000eab00000,0x00000000eac00000)
  from space 512K, 50% used [0x00000000ead00000,0x00000000ead40000,0x00000000ead80000)
  to   space 512K, 0% used [0x00000000ead80000,0x00000000ead80000,0x00000000eae00000)
 ParOldGen       total 416256K, used 416097K [0x00000000c0000000, 0x00000000d9680000, 0x00000000eab00000)
  object space 416256K, 99% used [0x00000000c0000000,0x00000000d96584d8,0x00000000d9680000)
 Metaspace       used 65654K, committed 67200K, reserved 1114112K
  class space    used 6627K, committed 7360K, reserved 1048576K
}
Event: 36.462 GC heap before
{Heap before GC invocations=537 (full 3):
 PSYoungGen      total 1536K, used 1279K [0x00000000eab00000, 0x00000000eae00000, 0x0000000100000000)
  eden space 1024K, 99% used [0x00000000eab00000,0x00000000eabfffe8,0x00000000eac00000)
  from space 512K, 50% used [0x00000000ead00000,0x00000000ead40000,0x00000000ead80000)
  to   space 512K, 0% used [0x00000000ead80000,0x00000000ead80000,0x00000000eae00000)
 ParOldGen       total 416256K, used 416097K [0x00000000c0000000, 0x00000000d9680000, 0x00000000eab00000)
  object space 416256K, 99% used [0x00000000c0000000,0x00000000d96584d8,0x00000000d9680000)
 Metaspace       used 65655K, committed 67200K, reserved 1114112K
  class space    used 6627K, committed 7360K, reserved 1048576K
}
Event: 36.463 GC heap after
{Heap after GC invocations=537 (full 3):
 PSYoungGen      total 1536K, used 288K [0x00000000eab00000, 0x00000000eae00000, 0x0000000100000000)
  eden space 1024K, 0% used [0x00000000eab00000,0x00000000eab00000,0x00000000eac00000)
  from space 512K, 56% used [0x00000000ead80000,0x00000000eadc8000,0x00000000eae00000)
  to   space 512K, 0% used [0x00000000ead00000,0x00000000ead00000,0x00000000ead80000)
 ParOldGen       total 416256K, used 416241K [0x00000000c0000000, 0x00000000d9680000, 0x00000000eab00000)
  object space 416256K, 99% used [0x00000000c0000000,0x00000000d967c4d8,0x00000000d9680000)
 Metaspace       used 65655K, committed 67200K, reserved 1114112K
  class space    used 6627K, committed 7360K, reserved 1048576K
}
Event: 36.472 GC heap before
{Heap before GC invocations=538 (full 3):
 PSYoungGen      total 1536K, used 1312K [0x00000000eab00000, 0x00000000eae00000, 0x0000000100000000)
  eden space 1024K, 100% used [0x00000000eab00000,0x00000000eac00000,0x00000000eac00000)
  from space 512K, 56% used [0x00000000ead80000,0x00000000eadc8000,0x00000000eae00000)
  to   space 512K, 0% used [0x00000000ead00000,0x00000000ead00000,0x00000000ead80000)
 ParOldGen       total 416256K, used 416241K [0x00000000c0000000, 0x00000000d9680000, 0x00000000eab00000)
  object space 416256K, 99% used [0x00000000c0000000,0x00000000d967c4d8,0x00000000d9680000)
 Metaspace       used 65655K, committed 67200K, reserved 1114112K
  class space    used 6627K, committed 7360K, reserved 1048576K
}
Event: 36.473 GC heap after
{Heap after GC invocations=538 (full 3):
 PSYoungGen      total 1536K, used 352K [0x00000000eab00000, 0x00000000eae00000, 0x0000000100000000)
  eden space 1024K, 0% used [0x00000000eab00000,0x00000000eab00000,0x00000000eac00000)
  from space 512K, 68% used [0x00000000ead00000,0x00000000ead58000,0x00000000ead80000)
  to   space 512K, 0% used [0x00000000ead80000,0x00000000ead80000,0x00000000eae00000)
 ParOldGen       total 416768K, used 416385K [0x00000000c0000000, 0x00000000d9700000, 0x00000000eab00000)
  object space 416768K, 99% used [0x00000000c0000000,0x00000000d96a04d8,0x00000000d9700000)
 Metaspace       used 65655K, committed 67200K, reserved 1114112K
  class space    used 6627K, committed 7360K, reserved 1048576K
}
Event: 36.481 GC heap before
{Heap before GC invocations=539 (full 3):
 PSYoungGen      total 1536K, used 1362K [0x00000000eab00000, 0x00000000eae00000, 0x0000000100000000)
  eden space 1024K, 98% used [0x00000000eab00000,0x00000000eabfc920,0x00000000eac00000)
  from space 512K, 68% used [0x00000000ead00000,0x00000000ead58000,0x00000000ead80000)
  to   space 512K, 0% used [0x00000000ead80000,0x00000000ead80000,0x00000000eae00000)
 ParOldGen       total 416768K, used 416385K [0x00000000c0000000, 0x00000000d9700000, 0x00000000eab00000)
  object space 416768K, 99% used [0x00000000c0000000,0x00000000d96a04d8,0x00000000d9700000)
 Metaspace       used 65655K, committed 67200K, reserved 1114112K
  class space    used 6627K, committed 7360K, reserved 1048576K
}
Event: 36.482 GC heap after
{Heap after GC invocations=539 (full 3):
 PSYoungGen      total 1536K, used 288K [0x00000000eab00000, 0x00000000eae00000, 0x0000000100000000)
  eden space 1024K, 0% used [0x00000000eab00000,0x00000000eab00000,0x00000000eac00000)
  from space 512K, 56% used [0x00000000ead80000,0x00000000eadc8000,0x00000000eae00000)
  to   space 512K, 0% used [0x00000000ead00000,0x00000000ead00000,0x00000000ead80000)
 ParOldGen       total 416768K, used 416548K [0x00000000c0000000, 0x00000000d9700000, 0x00000000eab00000)
  object space 416768K, 99% used [0x00000000c0000000,0x00000000d96c90e0,0x00000000d9700000)
 Metaspace       used 65655K, committed 67200K, reserved 1114112K
  class space    used 6627K, committed 7360K, reserved 1048576K
}
Event: 36.489 GC heap before
{Heap before GC invocations=540 (full 3):
 PSYoungGen      total 1536K, used 1312K [0x00000000eab00000, 0x00000000eae00000, 0x0000000100000000)
  eden space 1024K, 100% used [0x00000000eab00000,0x00000000eac00000,0x00000000eac00000)
  from space 512K, 56% used [0x00000000ead80000,0x00000000eadc8000,0x00000000eae00000)
  to   space 512K, 0% used [0x00000000ead00000,0x00000000ead00000,0x00000000ead80000)
 ParOldGen       total 416768K, used 416548K [0x00000000c0000000, 0x00000000d9700000, 0x00000000eab00000)
  object space 416768K, 99% used [0x00000000c0000000,0x00000000d96c90e0,0x00000000d9700000)
 Metaspace       used 65655K, committed 67200K, reserved 1114112K
  class space    used 6627K, committed 7360K, reserved 1048576K
}
Event: 36.491 GC heap after
{Heap after GC invocations=540 (full 3):
 PSYoungGen      total 1536K, used 288K [0x00000000eab00000, 0x00000000eae00000, 0x0000000100000000)
  eden space 1024K, 0% used [0x00000000eab00000,0x00000000eab00000,0x00000000eac00000)
  from space 512K, 56% used [0x00000000ead00000,0x00000000ead48000,0x00000000ead80000)
  to   space 512K, 0% used [0x00000000ead80000,0x00000000ead80000,0x00000000eae00000)
 ParOldGen       total 416768K, used 416692K [0x00000000c0000000, 0x00000000d9700000, 0x00000000eab00000)
  object space 416768K, 99% used [0x00000000c0000000,0x00000000d96ed0e0,0x00000000d9700000)
 Metaspace       used 65655K, committed 67200K, reserved 1114112K
  class space    used 6627K, committed 7360K, reserved 1048576K
}
Event: 36.502 GC heap before
{Heap before GC invocations=541 (full 3):
 PSYoungGen      total 1536K, used 1312K [0x00000000eab00000, 0x00000000eae00000, 0x0000000100000000)
  eden space 1024K, 100% used [0x00000000eab00000,0x00000000eac00000,0x00000000eac00000)
  from space 512K, 56% used [0x00000000ead00000,0x00000000ead48000,0x00000000ead80000)
  to   space 512K, 0% used [0x00000000ead80000,0x00000000ead80000,0x00000000eae00000)
 ParOldGen       total 416768K, used 416692K [0x00000000c0000000, 0x00000000d9700000, 0x00000000eab00000)
  object space 416768K, 99% used [0x00000000c0000000,0x00000000d96ed0e0,0x00000000d9700000)
 Metaspace       used 65655K, committed 67200K, reserved 1114112K
  class space    used 6627K, committed 7360K, reserved 1048576K
}
Event: 36.503 GC heap after
{Heap after GC invocations=541 (full 3):
 PSYoungGen      total 1536K, used 288K [0x00000000eab00000, 0x00000000eae00000, 0x0000000100000000)
  eden space 1024K, 0% used [0x00000000eab00000,0x00000000eab00000,0x00000000eac00000)
  from space 512K, 56% used [0x00000000ead80000,0x00000000eadc8000,0x00000000eae00000)
  to   space 512K, 0% used [0x00000000ead00000,0x00000000ead00000,0x00000000ead80000)
 ParOldGen       total 417280K, used 416828K [0x00000000c0000000, 0x00000000d9780000, 0x00000000eab00000)
  object space 417280K, 99% used [0x00000000c0000000,0x00000000d970f0e0,0x00000000d9780000)
 Metaspace       used 65655K, committed 67200K, reserved 1114112K
  class space    used 6627K, committed 7360K, reserved 1048576K
}
Event: 36.513 GC heap before
{Heap before GC invocations=542 (full 3):
 PSYoungGen      total 1536K, used 1304K [0x00000000eab00000, 0x00000000eae00000, 0x0000000100000000)
  eden space 1024K, 99% used [0x00000000eab00000,0x00000000eabfe1d8,0x00000000eac00000)
  from space 512K, 56% used [0x00000000ead80000,0x00000000eadc8000,0x00000000eae00000)
  to   space 512K, 0% used [0x00000000ead00000,0x00000000ead00000,0x00000000ead80000)
 ParOldGen       total 417280K, used 416828K [0x00000000c0000000, 0x00000000d9780000, 0x00000000eab00000)
  object space 417280K, 99% used [0x00000000c0000000,0x00000000d970f0e0,0x00000000d9780000)
 Metaspace       used 65655K, committed 67200K, reserved 1114112K
  class space    used 6627K, committed 7360K, reserved 1048576K
}
Event: 36.514 GC heap after
{Heap after GC invocations=542 (full 3):
 PSYoungGen      total 1536K, used 288K [0x00000000eab00000, 0x00000000eae00000, 0x0000000100000000)
  eden space 1024K, 0% used [0x00000000eab00000,0x00000000eab00000,0x00000000eac00000)
  from space 512K, 56% used [0x00000000ead00000,0x00000000ead48000,0x00000000ead80000)
  to   space 512K, 0% used [0x00000000ead80000,0x00000000ead80000,0x00000000eae00000)
 ParOldGen       total 417280K, used 416988K [0x00000000c0000000, 0x00000000d9780000, 0x00000000eab00000)
  object space 417280K, 99% used [0x00000000c0000000,0x00000000d97370e0,0x00000000d9780000)
 Metaspace       used 65655K, committed 67200K, reserved 1114112K
  class space    used 6627K, committed 7360K, reserved 1048576K
}
Event: 36.526 GC heap before
{Heap before GC invocations=543 (full 3):
 PSYoungGen      total 1536K, used 1312K [0x00000000eab00000, 0x00000000eae00000, 0x0000000100000000)
  eden space 1024K, 100% used [0x00000000eab00000,0x00000000eac00000,0x00000000eac00000)
  from space 512K, 56% used [0x00000000ead00000,0x00000000ead48000,0x00000000ead80000)
  to   space 512K, 0% used [0x00000000ead80000,0x00000000ead80000,0x00000000eae00000)
 ParOldGen       total 417280K, used 416988K [0x00000000c0000000, 0x00000000d9780000, 0x00000000eab00000)
  object space 417280K, 99% used [0x00000000c0000000,0x00000000d97370e0,0x00000000d9780000)
 Metaspace       used 65655K, committed 67200K, reserved 1114112K
  class space    used 6627K, committed 7360K, reserved 1048576K
}
Event: 37.521 GC heap after
{Heap after GC invocations=543 (full 3):
 PSYoungGen      total 2048K, used 374K [0x00000000eab00000, 0x00000000eae00000, 0x0000000100000000)
  eden space 1536K, 0% used [0x00000000eab00000,0x00000000eab00000,0x00000000eac80000)
  from space 512K, 73% used [0x00000000ead80000,0x00000000eaddd808,0x00000000eae00000)
  to   space 512K, 0% used [0x00000000ead00000,0x00000000ead00000,0x00000000ead80000)
 ParOldGen       total 417280K, used 417116K [0x00000000c0000000, 0x00000000d9780000, 0x00000000eab00000)
  object space 417280K, 99% used [0x00000000c0000000,0x00000000d97570e0,0x00000000d9780000)
 Metaspace       used 65655K, committed 67200K, reserved 1114112K
  class space    used 6627K, committed 7360K, reserved 1048576K
}

