# JRE version: OpenJDK Runtime Environment Temurin-21.0.7+6 (21.0.7+6) (build 21.0.7+6-LTS)
# Java VM: OpenJDK 64-Bit Server VM Temurin-21.0.7+6 (21.0.7+6-LTS, mixed mode, sharing, tiered, compressed oops, compressed class ptrs, parallel gc, windows-amd64)
GC Precious Log:
 CardTable entry size: 512
 CPUs: 12 total, 12 available
 Memory: 15775M
 Large Page Support: Disabled
 NUMA Support: Disabled
 Compressed Oops: Enabled (32-bit)
 Alignments: Space 512K, Generation 512K, Heap 2M
 Heap Min Capacity: 100M
 Heap Initial Capacity: 100M
 Heap Max Capacity: 1G
 Pre-touch: Disabled
 Parallel Workers: 10
Heap:
 PSYoungGen      total 4096K, used 505K [0x00000000eab00000, 0x00000000eb100000, 0x0000000100000000)
  eden space 3584K, 0% used [0x00000000eab00000,0x00000000eab00000,0x00000000eae80000)
  from space 512K, 98% used [0x00000000eb080000,0x00000000eb0fe5d0,0x00000000eb100000)
  to   space 1024K, 0% used [0x00000000eaf80000,0x00000000eaf80000,0x00000000eb080000)
 ParOldGen       total 205824K, used 205636K [0x00000000c0000000, 0x00000000cc900000, 0x00000000eab00000)
  object space 205824K, 99% used [0x00000000c0000000,0x00000000cc8d12f8,0x00000000cc900000)
 Metaspace       used 54134K, committed 55488K, reserved 1114112K
  class space    used 5701K, committed 6336K, reserved 1048576K
GC Heap History (20 events):
Event: 7.805 GC heap after
{Heap after GC invocations=116 (full 2):
 PSYoungGen      total 5120K, used 1507K [0x00000000eab00000, 0x00000000eb400000, 0x0000000100000000)
  eden space 3584K, 0% used [0x00000000eab00000,0x00000000eab00000,0x00000000eae80000)
  from space 1536K, 98% used [0x00000000eb100000,0x00000000eb278e28,0x00000000eb280000)
  to   space 2560K, 0% used [0x00000000eae80000,0x00000000eae80000,0x00000000eb100000)
 ParOldGen       total 200704K, used 200504K [0x00000000c0000000, 0x00000000cc400000, 0x00000000eab00000)
  object space 200704K, 99% used [0x00000000c0000000,0x00000000cc3ce078,0x00000000cc400000)
 Metaspace       used 53740K, committed 55040K, reserved 1114112K
  class space    used 5672K, committed 6272K, reserved 1048576K
}
Event: 7.819 GC heap before
{Heap before GC invocations=117 (full 2):
 PSYoungGen      total 5120K, used 5091K [0x00000000eab00000, 0x00000000eb400000, 0x0000000100000000)
  eden space 3584K, 100% used [0x00000000eab00000,0x00000000eae80000,0x00000000eae80000)
  from space 1536K, 98% used [0x00000000eb100000,0x00000000eb278e28,0x00000000eb280000)
  to   space 2560K, 0% used [0x00000000eae80000,0x00000000eae80000,0x00000000eb100000)
 ParOldGen       total 200704K, used 200504K [0x00000000c0000000, 0x00000000cc400000, 0x00000000eab00000)
  object space 200704K, 99% used [0x00000000c0000000,0x00000000cc3ce078,0x00000000cc400000)
 Metaspace       used 53750K, committed 55040K, reserved 1114112K
  class space    used 5672K, committed 6272K, reserved 1048576K
}
Event: 7.821 GC heap after
{Heap after GC invocations=117 (full 2):
 PSYoungGen      total 4608K, used 754K [0x00000000eab00000, 0x00000000eb180000, 0x0000000100000000)
  eden space 3584K, 0% used [0x00000000eab00000,0x00000000eab00000,0x00000000eae80000)
  from space 1024K, 73% used [0x00000000eae80000,0x00000000eaf3c9b0,0x00000000eaf80000)
  to   space 1536K, 0% used [0x00000000eb000000,0x00000000eb000000,0x00000000eb180000)
 ParOldGen       total 202240K, used 201818K [0x00000000c0000000, 0x00000000cc580000, 0x00000000eab00000)
  object space 202240K, 99% used [0x00000000c0000000,0x00000000cc516bb8,0x00000000cc580000)
 Metaspace       used 53750K, committed 55040K, reserved 1114112K
  class space    used 5672K, committed 6272K, reserved 1048576K
}
Event: 7.827 GC heap before
{Heap before GC invocations=118 (full 2):
 PSYoungGen      total 4608K, used 4321K [0x00000000eab00000, 0x00000000eb180000, 0x0000000100000000)
  eden space 3584K, 99% used [0x00000000eab00000,0x00000000eae7bd70,0x00000000eae80000)
  from space 1024K, 73% used [0x00000000eae80000,0x00000000eaf3c9b0,0x00000000eaf80000)
  to   space 1536K, 0% used [0x00000000eb000000,0x00000000eb000000,0x00000000eb180000)
 ParOldGen       total 202240K, used 201818K [0x00000000c0000000, 0x00000000cc580000, 0x00000000eab00000)
  object space 202240K, 99% used [0x00000000c0000000,0x00000000cc516bb8,0x00000000cc580000)
 Metaspace       used 53750K, committed 55040K, reserved 1114112K
  class space    used 5672K, committed 6272K, reserved 1048576K
}
Event: 7.829 GC heap after
{Heap after GC invocations=118 (full 2):
 PSYoungGen      total 4608K, used 691K [0x00000000eab00000, 0x00000000eb100000, 0x0000000100000000)
  eden space 3584K, 0% used [0x00000000eab00000,0x00000000eab00000,0x00000000eae80000)
  from space 1024K, 67% used [0x00000000eb000000,0x00000000eb0acc78,0x00000000eb100000)
  to   space 1024K, 0% used [0x00000000eae80000,0x00000000eae80000,0x00000000eaf80000)
 ParOldGen       total 202752K, used 202450K [0x00000000c0000000, 0x00000000cc600000, 0x00000000eab00000)
  object space 202752K, 99% used [0x00000000c0000000,0x00000000cc5b49a8,0x00000000cc600000)
 Metaspace       used 53750K, committed 55040K, reserved 1114112K
  class space    used 5672K, committed 6272K, reserved 1048576K
}
Event: 7.834 GC heap before
{Heap before GC invocations=119 (full 2):
 PSYoungGen      total 4608K, used 4275K [0x00000000eab00000, 0x00000000eb100000, 0x0000000100000000)
  eden space 3584K, 99% used [0x00000000eab00000,0x00000000eae7fff0,0x00000000eae80000)
  from space 1024K, 67% used [0x00000000eb000000,0x00000000eb0acc78,0x00000000eb100000)
  to   space 1024K, 0% used [0x00000000eae80000,0x00000000eae80000,0x00000000eaf80000)
 ParOldGen       total 202752K, used 202450K [0x00000000c0000000, 0x00000000cc600000, 0x00000000eab00000)
  object space 202752K, 99% used [0x00000000c0000000,0x00000000cc5b49a8,0x00000000cc600000)
 Metaspace       used 53751K, committed 55040K, reserved 1114112K
  class space    used 5672K, committed 6272K, reserved 1048576K
}
Event: 7.836 GC heap after
{Heap after GC invocations=119 (full 2):
 PSYoungGen      total 4608K, used 1020K [0x00000000eab00000, 0x00000000eb180000, 0x0000000100000000)
  eden space 3584K, 0% used [0x00000000eab00000,0x00000000eab00000,0x00000000eae80000)
  from space 1024K, 99% used [0x00000000eae80000,0x00000000eaf7f200,0x00000000eaf80000)
  to   space 1536K, 0% used [0x00000000eb000000,0x00000000eb000000,0x00000000eb180000)
 ParOldGen       total 202752K, used 202739K [0x00000000c0000000, 0x00000000cc600000, 0x00000000eab00000)
  object space 202752K, 99% used [0x00000000c0000000,0x00000000cc5fce58,0x00000000cc600000)
 Metaspace       used 53751K, committed 55040K, reserved 1114112K
  class space    used 5672K, committed 6272K, reserved 1048576K
}
Event: 7.841 GC heap before
{Heap before GC invocations=120 (full 2):
 PSYoungGen      total 4608K, used 4604K [0x00000000eab00000, 0x00000000eb180000, 0x0000000100000000)
  eden space 3584K, 100% used [0x00000000eab00000,0x00000000eae80000,0x00000000eae80000)
  from space 1024K, 99% used [0x00000000eae80000,0x00000000eaf7f200,0x00000000eaf80000)
  to   space 1536K, 0% used [0x00000000eb000000,0x00000000eb000000,0x00000000eb180000)
 ParOldGen       total 202752K, used 202739K [0x00000000c0000000, 0x00000000cc600000, 0x00000000eab00000)
  object space 202752K, 99% used [0x00000000c0000000,0x00000000cc5fce58,0x00000000cc600000)
 Metaspace       used 53751K, committed 55040K, reserved 1114112K
  class space    used 5672K, committed 6272K, reserved 1048576K
}
Event: 7.842 GC heap after
{Heap after GC invocations=120 (full 2):
 PSYoungGen      total 5120K, used 1070K [0x00000000eab00000, 0x00000000eb180000, 0x0000000100000000)
  eden space 3584K, 0% used [0x00000000eab00000,0x00000000eab00000,0x00000000eae80000)
  from space 1536K, 69% used [0x00000000eb000000,0x00000000eb10baa8,0x00000000eb180000)
  to   space 1536K, 0% used [0x00000000eae80000,0x00000000eae80000,0x00000000eb000000)
 ParOldGen       total 203264K, used 203012K [0x00000000c0000000, 0x00000000cc680000, 0x00000000eab00000)
  object space 203264K, 99% used [0x00000000c0000000,0x00000000cc6411a8,0x00000000cc680000)
 Metaspace       used 53751K, committed 55040K, reserved 1114112K
  class space    used 5672K, committed 6272K, reserved 1048576K
}
Event: 7.860 GC heap before
{Heap before GC invocations=121 (full 2):
 PSYoungGen      total 5120K, used 4654K [0x00000000eab00000, 0x00000000eb180000, 0x0000000100000000)
  eden space 3584K, 100% used [0x00000000eab00000,0x00000000eae80000,0x00000000eae80000)
  from space 1536K, 69% used [0x00000000eb000000,0x00000000eb10baa8,0x00000000eb180000)
  to   space 1536K, 0% used [0x00000000eae80000,0x00000000eae80000,0x00000000eb000000)
 ParOldGen       total 203264K, used 203012K [0x00000000c0000000, 0x00000000cc680000, 0x00000000eab00000)
  object space 203264K, 99% used [0x00000000c0000000,0x00000000cc6411a8,0x00000000cc680000)
 Metaspace       used 53751K, committed 55040K, reserved 1114112K
  class space    used 5672K, committed 6272K, reserved 1048576K
}
Event: 7.861 GC heap after
{Heap after GC invocations=121 (full 2):
 PSYoungGen      total 5120K, used 1166K [0x00000000eab00000, 0x00000000eb180000, 0x0000000100000000)
  eden space 3584K, 0% used [0x00000000eab00000,0x00000000eab00000,0x00000000eae80000)
  from space 1536K, 75% used [0x00000000eae80000,0x00000000eafa3ac8,0x00000000eb000000)
  to   space 1536K, 0% used [0x00000000eb000000,0x00000000eb000000,0x00000000eb180000)
 ParOldGen       total 203264K, used 203193K [0x00000000c0000000, 0x00000000cc680000, 0x00000000eab00000)
  object space 203264K, 99% used [0x00000000c0000000,0x00000000cc66e778,0x00000000cc680000)
 Metaspace       used 53751K, committed 55040K, reserved 1114112K
  class space    used 5672K, committed 6272K, reserved 1048576K
}
Event: 7.870 GC heap before
{Heap before GC invocations=122 (full 2):
 PSYoungGen      total 5120K, used 4750K [0x00000000eab00000, 0x00000000eb180000, 0x0000000100000000)
  eden space 3584K, 100% used [0x00000000eab00000,0x00000000eae80000,0x00000000eae80000)
  from space 1536K, 75% used [0x00000000eae80000,0x00000000eafa3ac8,0x00000000eb000000)
  to   space 1536K, 0% used [0x00000000eb000000,0x00000000eb000000,0x00000000eb180000)
 ParOldGen       total 203264K, used 203193K [0x00000000c0000000, 0x00000000cc680000, 0x00000000eab00000)
  object space 203264K, 99% used [0x00000000c0000000,0x00000000cc66e778,0x00000000cc680000)
 Metaspace       used 53751K, committed 55040K, reserved 1114112K
  class space    used 5672K, committed 6272K, reserved 1048576K
}
Event: 7.871 GC heap after
{Heap after GC invocations=122 (full 2):
 PSYoungGen      total 5120K, used 1035K [0x00000000eab00000, 0x00000000eb180000, 0x0000000100000000)
  eden space 3584K, 0% used [0x00000000eab00000,0x00000000eab00000,0x00000000eae80000)
  from space 1536K, 67% used [0x00000000eb000000,0x00000000eb102e58,0x00000000eb180000)
  to   space 1536K, 0% used [0x00000000eae80000,0x00000000eae80000,0x00000000eb000000)
 ParOldGen       total 203776K, used 203735K [0x00000000c0000000, 0x00000000cc700000, 0x00000000eab00000)
  object space 203776K, 99% used [0x00000000c0000000,0x00000000cc6f5e10,0x00000000cc700000)
 Metaspace       used 53751K, committed 55040K, reserved 1114112K
  class space    used 5672K, committed 6272K, reserved 1048576K
}
Event: 7.879 GC heap before
{Heap before GC invocations=123 (full 2):
 PSYoungGen      total 5120K, used 4512K [0x00000000eab00000, 0x00000000eb180000, 0x0000000100000000)
  eden space 3584K, 97% used [0x00000000eab00000,0x00000000eae65280,0x00000000eae80000)
  from space 1536K, 67% used [0x00000000eb000000,0x00000000eb102e58,0x00000000eb180000)
  to   space 1536K, 0% used [0x00000000eae80000,0x00000000eae80000,0x00000000eb000000)
 ParOldGen       total 203776K, used 203735K [0x00000000c0000000, 0x00000000cc700000, 0x00000000eab00000)
  object space 203776K, 99% used [0x00000000c0000000,0x00000000cc6f5e10,0x00000000cc700000)
 Metaspace       used 53753K, committed 55040K, reserved 1114112K
  class space    used 5672K, committed 6272K, reserved 1048576K
}
Event: 7.880 GC heap after
{Heap after GC invocations=123 (full 2):
 PSYoungGen      total 5120K, used 1515K [0x00000000eab00000, 0x00000000eb280000, 0x0000000100000000)
  eden space 3584K, 0% used [0x00000000eab00000,0x00000000eab00000,0x00000000eae80000)
  from space 1536K, 98% used [0x00000000eae80000,0x00000000eaffae50,0x00000000eb000000)
  to   space 2048K, 0% used [0x00000000eb080000,0x00000000eb080000,0x00000000eb280000)
 ParOldGen       total 204288K, used 203815K [0x00000000c0000000, 0x00000000cc780000, 0x00000000eab00000)
  object space 204288K, 99% used [0x00000000c0000000,0x00000000cc709ee0,0x00000000cc780000)
 Metaspace       used 53753K, committed 55040K, reserved 1114112K
  class space    used 5672K, committed 6272K, reserved 1048576K
}
Event: 7.891 GC heap before
{Heap before GC invocations=124 (full 2):
 PSYoungGen      total 5120K, used 5099K [0x00000000eab00000, 0x00000000eb280000, 0x0000000100000000)
  eden space 3584K, 100% used [0x00000000eab00000,0x00000000eae80000,0x00000000eae80000)
  from space 1536K, 98% used [0x00000000eae80000,0x00000000eaffae50,0x00000000eb000000)
  to   space 2048K, 0% used [0x00000000eb080000,0x00000000eb080000,0x00000000eb280000)
 ParOldGen       total 204288K, used 203815K [0x00000000c0000000, 0x00000000cc780000, 0x00000000eab00000)
  object space 204288K, 99% used [0x00000000c0000000,0x00000000cc709ee0,0x00000000cc780000)
 Metaspace       used 53958K, committed 55296K, reserved 1114112K
  class space    used 5679K, committed 6336K, reserved 1048576K
}
Event: 7.892 GC heap after
{Heap after GC invocations=124 (full 2):
 PSYoungGen      total 4608K, used 657K [0x00000000eab00000, 0x00000000eb180000, 0x0000000100000000)
  eden space 3584K, 0% used [0x00000000eab00000,0x00000000eab00000,0x00000000eae80000)
  from space 1024K, 64% used [0x00000000eb080000,0x00000000eb124578,0x00000000eb180000)
  to   space 1024K, 0% used [0x00000000eaf80000,0x00000000eaf80000,0x00000000eb080000)
 ParOldGen       total 204288K, used 204166K [0x00000000c0000000, 0x00000000cc780000, 0x00000000eab00000)
  object space 204288K, 99% used [0x00000000c0000000,0x00000000cc761ae0,0x00000000cc780000)
 Metaspace       used 53958K, committed 55296K, reserved 1114112K
  class space    used 5679K, committed 6336K, reserved 1048576K
}
Event: 7.908 GC heap before
{Heap before GC invocations=125 (full 2):
 PSYoungGen      total 4608K, used 4231K [0x00000000eab00000, 0x00000000eb180000, 0x0000000100000000)
  eden space 3584K, 99% used [0x00000000eab00000,0x00000000eae7d9b8,0x00000000eae80000)
  from space 1024K, 64% used [0x00000000eb080000,0x00000000eb124578,0x00000000eb180000)
  to   space 1024K, 0% used [0x00000000eaf80000,0x00000000eaf80000,0x00000000eb080000)
 ParOldGen       total 204288K, used 204166K [0x00000000c0000000, 0x00000000cc780000, 0x00000000eab00000)
  object space 204288K, 99% used [0x00000000c0000000,0x00000000cc761ae0,0x00000000cc780000)
 Metaspace       used 54112K, committed 55424K, reserved 1114112K
  class space    used 5699K, committed 6336K, reserved 1048576K
}
Event: 7.909 GC heap after
{Heap after GC invocations=125 (full 2):
 PSYoungGen      total 4608K, used 736K [0x00000000eab00000, 0x00000000eb100000, 0x0000000100000000)
  eden space 3584K, 0% used [0x00000000eab00000,0x00000000eab00000,0x00000000eae80000)
  from space 1024K, 71% used [0x00000000eaf80000,0x00000000eb0381a8,0x00000000eb080000)
  to   space 512K, 0% used [0x00000000eb080000,0x00000000eb080000,0x00000000eb100000)
 ParOldGen       total 204800K, used 204655K [0x00000000c0000000, 0x00000000cc800000, 0x00000000eab00000)
  object space 204800K, 99% used [0x00000000c0000000,0x00000000cc7dbc50,0x00000000cc800000)
 Metaspace       used 54112K, committed 55424K, reserved 1114112K
  class space    used 5699K, committed 6336K, reserved 1048576K
}
Event: 7.916 GC heap before
{Heap before GC invocations=126 (full 2):
 PSYoungGen      total 4608K, used 4320K [0x00000000eab00000, 0x00000000eb100000, 0x0000000100000000)
  eden space 3584K, 100% used [0x00000000eab00000,0x00000000eae80000,0x00000000eae80000)
  from space 1024K, 71% used [0x00000000eaf80000,0x00000000eb0381a8,0x00000000eb080000)
  to   space 512K, 0% used [0x00000000eb080000,0x00000000eb080000,0x00000000eb100000)
 ParOldGen       total 204800K, used 204655K [0x00000000c0000000, 0x00000000cc800000, 0x00000000eab00000)
  object space 204800K, 99% used [0x00000000c0000000,0x00000000cc7dbc50,0x00000000cc800000)
 Metaspace       used 54134K, committed 55488K, reserved 1114112K
  class space    used 5701K, committed 6336K, reserved 1048576K
}

